Arguments: 
  /usr/local/bin/node /home/petersonac/.yarn/bin/yarn.js init

PATH: 
  /home/petersonac/.yarn/bin:/home/petersonac/.config/yarn/global/node_modules/.bin:/home/petersonac/Library/Android/sdk/platform-tools:/home/petersonac/.yarn/bin:/home/petersonac/.config/yarn/global/node_modules/.bin:/home/petersonac/.zinit/polaris/bin:/home/petersonac/Library/Android/sdk/platform-tools:/home/petersonac/.local/bin:/usr/local/sbin:/usr/local/bin:/usr/sbin:/usr/bin:/sbin:/bin:/usr/games:/usr/local/games:/snap/bin

Yarn version: 
  1.22.15

Node version: 
  12.21.0

Platform: 
  linux x64

Trace: 
  Error: canceled
      at Interface.<anonymous> (/home/petersonac/.yarn/lib/cli.js:137145:13)
      at Interface.emit (events.js:314:20)
      at Interface._ttyWrite (readline.js:868:16)
      at ReadStream.onkeypress (readline.js:205:10)
      at ReadStream.emit (events.js:314:20)
      at emitKeys (internal/readline/utils.js:335:14)
      at emitKeys.next (<anonymous>)
      at ReadStream.onData (readline.js:1137:36)
      at ReadStream.emit (events.js:314:20)
      at addChunk (_stream_readable.js:297:12)

npm manifest: 
  No manifest

yarn manifest: 
  No manifest

Lockfile: 
  No lockfile
